FUNCTION  <SNR>25_Remove_Matches()
    Defined: /opt/nvim-linux64/share/nvim/runtime/plugin/matchparen.vim:202
Called 10 times
Total time:   0.000187
 Self time:   0.000187

count  total (s)   self (s)
   10              0.000043   if exists('w:paren_hl_on') && w:paren_hl_on
                                while !empty(w:matchparen_ids)
                                  silent! call remove(w:matchparen_ids, 0)->matchdelete()
                                endwhile
                                let w:paren_hl_on = 0
   10              0.000006   endif

FUNCTION  <SNR>1_LoadFTPlugin()
    Defined: /opt/nvim-linux64/share/nvim/runtime/ftplugin.vim:15
Called 1 time
Total time:   0.000884
 Self time:   0.000884

count  total (s)   self (s)
    1              0.000006     if exists("b:undo_ftplugin")
                                  exe b:undo_ftplugin
                                  unlet! b:undo_ftplugin b:did_ftplugin
    1              0.000001     endif
                            
    1              0.000004     let s = expand("<amatch>")
    1              0.000001     if s != ""
    1              0.000004       if &cpo =~# "S" && exists("b:did_ftplugin")
                            	" In compatible mode options are reset to the global values, need to
                            	" set the local values also when a plugin was already used.
                            	unlet b:did_ftplugin
    1              0.000000       endif
                            
                                  " When there is a dot it is used to separate filetype names.  Thus for
                                  " "aaa.bbb" load "aaa" and then "bbb".
    2              0.000005       for name in split(s, '\.')
                                    " Load Lua ftplugins after Vim ftplugins _per directory_
                                    " TODO(clason): use nvim__get_runtime when supports globs and modeline
                                    " XXX: "[.]" in the first pattern makes it a wildcard on Windows
    1              0.000852         exe $'runtime! ftplugin/{name}[.]{{vim,lua}} ftplugin/{name}_*.{{vim,lua}} ftplugin/{name}/*.{{vim,lua}}'
    2              0.000002       endfor
    1              0.000000     endif

FUNCTION  <SNR>42_SynSet()
    Defined: /opt/nvim-linux64/share/nvim/runtime/syntax/synload.vim:27
Called 1 time
Total time:   0.000641
 Self time:   0.000641

count  total (s)   self (s)
                              " clear syntax for :set syntax=OFF  and any syntax name that doesn't exist
    1              0.000004   syn clear
    1              0.000001   if exists("b:current_syntax")
                                unlet b:current_syntax
    1              0.000001   endif
                            
    1              0.000002   0verbose let s = expand("<amatch>")
    1              0.000001   if s == "ON"
                                " :set syntax=ON
                                if &filetype == ""
                                  echohl ErrorMsg
                                  echo "filetype unknown"
                                  echohl None
                                endif
                                let s = &filetype
    1              0.000001   elseif s == "OFF"
                                let s = ""
    1              0.000000   endif
                            
    1              0.000001   if s != ""
                                " Load the syntax file(s).  When there are several, separated by dots,
                                " load each in sequence.  Skip empty entries.
    2              0.000004     for name in split(s, '\.')
    1              0.000001       if !empty(name)
                                    " XXX: "[.]" in the first pattern makes it a wildcard on Windows
    1              0.000611         exe $'runtime! syntax/{name}[.]{{vim,lua}} syntax/{name}/*.{{vim,lua}}'
    1              0.000000       endif
    2              0.000001     endfor
    1              0.000000   endif

FUNCTION  <SNR>44_LocalBrowseRefresh()
    Defined: /opt/nvim-linux64/share/nvim/runtime/autoload/netrw.vim:10807
Called 2 times
Total time:   0.000537
 Self time:   0.000537

count  total (s)   self (s)
                            "  call Dfunc("s:LocalBrowseRefresh() tabpagenr($)=".tabpagenr("$"))
                            "  call Decho("s:netrw_browselist =".(exists("s:netrw_browselist")?  string(s:netrw_browselist)  : '<n/a>'),'~'.expand("<slnum>"))
                            "  call Decho("w:netrw_bannercnt  =".(exists("w:netrw_bannercnt")?   string(w:netrw_bannercnt)   : '<n/a>'),'~'.expand("<slnum>"))
                            
                              " determine which buffers currently reside in a tab
    2              0.000078   if !exists("s:netrw_browselist")
                            "   call Dret("s:LocalBrowseRefresh : browselist is empty")
                               return
    2              0.000010   endif
    2              0.000008   if !exists("w:netrw_bannercnt")
                            "   call Dret("s:LocalBrowseRefresh : don't refresh when focus not on netrw window")
                               return
    2              0.000001   endif
    2              0.000012   if !empty(getcmdwintype())
                                " cannot move away from cmdline window, see :h E11
                                return
    2              0.000000   endif
    2              0.000023   if exists("s:netrw_events") && s:netrw_events == 1
                               " s:LocalFastBrowser gets called (indirectly) from a
                               let s:netrw_events= 2
                            "   call Dret("s:LocalBrowseRefresh : avoid initial double refresh")
                               return
    2              0.000000   endif
    2              0.000020   let itab       = 1
    2              0.000007   let buftablist = []
    2              0.000020   let ykeep      = @@
    4              0.000026   while itab <= tabpagenr("$")
    2              0.000024    let buftablist = buftablist + tabpagebuflist()
    2              0.000005    let itab       = itab + 1
    2              0.000016    sil! tabn
    4              0.000012   endwhile
                            "  call Decho("buftablist".string(buftablist),'~'.expand("<slnum>"))
                            "  call Decho("s:netrw_browselist<".(exists("s:netrw_browselist")? string(s:netrw_browselist) : "").">",'~'.expand("<slnum>"))
                              "  GO through all buffers on netrw_browselist (ie. just local-netrw buffers):
                              "   | refresh any netrw window
                              "   | wipe out any non-displaying netrw buffer
    2              0.000015   let curwinid = win_getid(winnr())
    2              0.000005   let ibl    = 0
    2              0.000014   for ibuf in s:netrw_browselist
                            "   call Decho("bufwinnr(".ibuf.") index(buftablist,".ibuf.")=".index(buftablist,ibuf),'~'.expand("<slnum>"))
                               if bufwinnr(ibuf) == -1 && index(buftablist,ibuf) == -1
                                " wipe out any non-displaying netrw buffer
                                " (ibuf not shown in a current window AND
                                "  ibuf not in any tab)
                            "    call Decho("wiping  buf#".ibuf,"<".bufname(ibuf).">",'~'.expand("<slnum>"))
                                exe "sil! keepj bd ".fnameescape(ibuf)
                                call remove(s:netrw_browselist,ibl)
                            "    call Decho("browselist=".string(s:netrw_browselist),'~'.expand("<slnum>"))
                                continue
                               elseif index(tabpagebuflist(),ibuf) != -1
                                " refresh any netrw buffer
                            "    call Decho("refresh buf#".ibuf.'-> win#'.bufwinnr(ibuf),'~'.expand("<slnum>"))
                                exe bufwinnr(ibuf)."wincmd w"
                                if getline(".") =~# 'Quick Help'
                                 " decrement g:netrw_quickhelp to prevent refresh from changing g:netrw_quickhelp
                                 " (counteracts s:NetrwBrowseChgDir()'s incrementing)
                                 let g:netrw_quickhelp= g:netrw_quickhelp - 1
                                endif
                            "    call Decho("#3: quickhelp=".g:netrw_quickhelp,'~'.expand("<slnum>"))
                                if exists("w:netrw_liststyle") && w:netrw_liststyle == s:TREELIST
                                 NetrwKeepj call s:NetrwRefreshTreeDict(w:netrw_treetop)
                                endif
                                NetrwKeepj call s:NetrwRefresh(1,s:NetrwBrowseChgDir(1,'./'))
                               endif
                               let ibl= ibl + 1
                            "   call Decho("bottom of s:netrw_browselist for loop: ibl=".ibl,'~'.expand("<slnum>"))
    2              0.000007   endfor
                            "  call Decho("restore window: win_gotoid(".curwinid.")")
    2              0.000008   call win_gotoid(curwinid)
    2              0.000019   let @@= ykeep
                            
                            "  call Dret("s:LocalBrowseRefresh")

FUNCTION  <SNR>2_LoadIndent()
    Defined: /opt/nvim-linux64/share/nvim/runtime/indent.vim:14
Called 1 time
Total time:   0.000214
 Self time:   0.000214

count  total (s)   self (s)
    1              0.000002     if exists("b:undo_indent")
                                  exe b:undo_indent
                                  unlet! b:undo_indent b:did_indent
    1              0.000000     endif
    1              0.000002     let s = expand("<amatch>")
    1              0.000001     if s != ""
    1              0.000001       if exists("b:did_indent")
                            	unlet b:did_indent
    1              0.000000       endif
                            
                                  " When there is a dot it is used to separate filetype names.  Thus for
                                  " "aaa.bbb" load "indent/aaa.vim" and then "indent/bbb.vim".
    2              0.000003       for name in split(s, '\.')
                                    " XXX: "[.]" in the pattern makes it a wildcard on Windows
    1              0.000200         exe $'runtime! indent/{name}[.]{{vim,lua}}'
    2              0.000001       endfor
    1              0.000000     endif

FUNCTION  <SNR>25_Highlight_Matching_Pair()
    Defined: /opt/nvim-linux64/share/nvim/runtime/plugin/matchparen.vim:44
Called 10 times
Total time:   0.001370
 Self time:   0.001183

count  total (s)   self (s)
   10              0.000203   if !exists("w:matchparen_ids")
                                let w:matchparen_ids = []
   10              0.000018   endif
                              " Remove any previous match.
   10   0.000290   0.000104   call s:Remove_Matches()
                            
                              " Avoid that we remove the popup menu.
                              " Return when there are no colors (looks like the cursor jumps).
   10              0.000072   if pumvisible() || (&t_Co < 8 && !has("gui_running"))
                                return
   10              0.000005   endif
                            
                              " Get the character under the cursor and check if it's in 'matchpairs'.
   10              0.000058   let c_lnum = line('.')
   10              0.000027   let c_col = col('.')
   10              0.000012   let before = 0
                            
   10              0.000030   let text = getline(c_lnum)
   10              0.000066   let c_before = text->strpart(0, c_col - 1)->slice(-1)
   10              0.000040   let c = text->strpart(c_col - 1)->slice(0, 1)
   10              0.000210   let plist = split(&matchpairs, '.\zs[:,]')
   10              0.000037   let i = index(plist, c)
   10              0.000012   if i < 0
                                " not found, in Insert mode try character before the cursor
   10              0.000040     if c_col > 1 && (mode() == 'i' || mode() == 'R')
    6              0.000012       let before = strlen(c_before)
    6              0.000005       let c = c_before
    6              0.000008       let i = index(plist, c)
   10              0.000007     endif
   10              0.000011     if i < 0
                                  " not found, nothing to do
   10              0.000011       return
                                endif
                              endif
                            
                              " Figure out the arguments for searchpairpos().
                              if i % 2 == 0
                                let s_flags = 'nW'
                                let c2 = plist[i + 1]
                              else
                                let s_flags = 'nbW'
                                let c2 = c
                                let c = plist[i - 1]
                              endif
                              if c == '['
                                let c = '\['
                                let c2 = '\]'
                              endif
                            
                              " Find the match.  When it was just before the cursor move it there for a
                              " moment.
                              if before > 0
                                let has_getcurpos = exists("*getcurpos")
                                if has_getcurpos
                                  " getcurpos() is more efficient but doesn't exist before 7.4.313.
                                  let save_cursor = getcurpos()
                                else
                                  let save_cursor = winsaveview()
                                endif
                                call cursor(c_lnum, c_col - before)
                              endif
                            
                              if !has("syntax") || !exists("g:syntax_on")
                                let s_skip = "0"
                              else
                                " Build an expression that detects whether the current cursor position is
                                " in certain syntax types (string, comment, etc.), for use as
                                " searchpairpos()'s skip argument.
                                " We match "escape" for special items, such as lispEscapeSpecial, and
                                " match "symbol" for lispBarSymbol.
                                let s_skip = 'synstack(".", col("."))' . '->indexof({_, id -> synIDattr(id, "name") =~? ' . '"string\\|character\\|singlequote\\|escape\\|symbol\\|comment"}) >= 0'
                                " If executing the expression determines that the cursor is currently in
                                " one of the syntax types, then we want searchpairpos() to find the pair
                                " within those syntax types (i.e., not skip).  Otherwise, the cursor is
                                " outside of the syntax types and s_skip should keep its value so we skip
                                " any matching pair inside the syntax types.
                                " Catch if this throws E363: pattern uses more memory than 'maxmempattern'.
                                try
                                  execute 'if ' . s_skip . ' | let s_skip = "0" | endif'
                                catch /^Vim\%((\a\+)\)\=:E363/
                                  " We won't find anything, so skip searching, should keep Vim responsive.
                                  return
                                endtry
                              endif
                            
                              " Limit the search to lines visible in the window.
                              let stoplinebottom = line('w$')
                              let stoplinetop = line('w0')
                              if i % 2 == 0
                                let stopline = stoplinebottom
                              else
                                let stopline = stoplinetop
                              endif
                            
                              " Limit the search time to 300 msec to avoid a hang on very long lines.
                              " This fails when a timeout is not supported.
                              if mode() == 'i' || mode() == 'R'
                                let timeout = exists("b:matchparen_insert_timeout") ? b:matchparen_insert_timeout : g:matchparen_insert_timeout
                              else
                                let timeout = exists("b:matchparen_timeout") ? b:matchparen_timeout : g:matchparen_timeout
                              endif
                              try
                                let [m_lnum, m_col] = searchpairpos(c, '', c2, s_flags, s_skip, stopline, timeout)
                              catch /E118/
                                " Can't use the timeout, restrict the stopline a bit more to avoid taking
                                " a long time on closed folds and long lines.
                                " The "viewable" variables give a range in which we can scroll while
                                " keeping the cursor at the same position.
                                " adjustedScrolloff accounts for very large numbers of scrolloff.
                                let adjustedScrolloff = min([&scrolloff, (line('w$') - line('w0')) / 2])
                                let bottom_viewable = min([line('$'), c_lnum + &lines - adjustedScrolloff - 2])
                                let top_viewable = max([1, c_lnum-&lines+adjustedScrolloff + 2])
                                " one of these stoplines will be adjusted below, but the current values are
                                " minimal boundaries within the current window
                                if i % 2 == 0
                                  if has("byte_offset") && has("syntax_items") && &smc > 0
                            	let stopbyte = min([line2byte("$"), line2byte(".") + col(".") + &smc * 2])
                            	let stopline = min([bottom_viewable, byte2line(stopbyte)])
                                  else
                            	let stopline = min([bottom_viewable, c_lnum + 100])
                                  endif
                                  let stoplinebottom = stopline
                                else
                                  if has("byte_offset") && has("syntax_items") && &smc > 0
                            	let stopbyte = max([1, line2byte(".") + col(".") - &smc * 2])
                            	let stopline = max([top_viewable, byte2line(stopbyte)])
                                  else
                            	let stopline = max([top_viewable, c_lnum - 100])
                                  endif
                                  let stoplinetop = stopline
                                endif
                                let [m_lnum, m_col] = searchpairpos(c, '', c2, s_flags, s_skip, stopline)
                              endtry
                            
                              if before > 0
                                if has_getcurpos
                                  call setpos('.', save_cursor)
                                else
                                  call winrestview(save_cursor)
                                endif
                              endif
                            
                              " If a match is found setup match highlighting.
                              if m_lnum > 0 && m_lnum >= stoplinetop && m_lnum <= stoplinebottom 
                                if s:has_matchaddpos
                                  call add(w:matchparen_ids, matchaddpos('MatchParen', [[c_lnum, c_col - before], [m_lnum, m_col]], 10))
                                else
                                  exe '3match MatchParen /\(\%' . c_lnum . 'l\%' . (c_col - before) . 'c\)\|\(\%' . m_lnum . 'l\%' . m_col . 'c\)/'
                                  call add(w:matchparen_ids, 3)
                                endif
                                let w:paren_hl_on = 1
                              endif

FUNCTIONS SORTED ON TOTAL TIME
count  total (s)   self (s)  function
   10   0.001370   0.001183  <SNR>25_Highlight_Matching_Pair()
    1   0.000884             <SNR>1_LoadFTPlugin()
    1   0.000641             <SNR>42_SynSet()
    2   0.000537             <SNR>44_LocalBrowseRefresh()
    1   0.000214             <SNR>2_LoadIndent()
   10   0.000187             <SNR>25_Remove_Matches()

FUNCTIONS SORTED ON SELF TIME
count  total (s)   self (s)  function
   10   0.001370   0.001183  <SNR>25_Highlight_Matching_Pair()
    1              0.000884  <SNR>1_LoadFTPlugin()
    1              0.000641  <SNR>42_SynSet()
    2              0.000537  <SNR>44_LocalBrowseRefresh()
    1              0.000214  <SNR>2_LoadIndent()
   10              0.000187  <SNR>25_Remove_Matches()

